 ---------------------------------------------------------------------------------------------------------------------------------- 
                                          loging report for : 03/11/2009   17:57:04
 ---------------------------------------------------------------------------------------------------------------------------------- 

17:57:04  |  General  |  Info  |  * Initialise: Gui  |  MyGUI_Gui.cpp  |  55
17:57:04  |  General  |  Info  |  * MyGUI version 2.3.0  |  MyGUI_Gui.cpp  |  59
17:57:04  |  General  |  Info  |  Viewport : 800 600  |  MyGUI_Gui.cpp  |  69
17:57:04  |  General  |  Info  |  * Initialise: ResourceManager  |  MyGUI_ResourceManager.cpp  |  41
17:57:04  |  General  |  Info  |  ResourceManager successfully initialized  |  MyGUI_ResourceManager.cpp  |  53
17:57:04  |  General  |  Info  |  * Initialise: LayerManager  |  MyGUI_LayerManager.cpp  |  41
17:57:04  |  General  |  Info  |  LayerManager successfully initialized  |  MyGUI_LayerManager.cpp  |  73
17:57:04  |  General  |  Info  |  * Initialise: WidgetManager  |  MyGUI_WidgetManager.cpp  |  62
17:57:04  |  General  |  Info  |  * Register widget factory 'Widget'  |  MyGUI_WidgetManager.cpp  |  118
17:57:04  |  General  |  Info  |  * Register widget factory 'Button'  |  MyGUI_WidgetManager.cpp  |  118
17:57:04  |  General  |  Info  |  * Register widget factory 'Window'  |  MyGUI_WidgetManager.cpp  |  118
17:57:04  |  General  |  Info  |  * Register widget factory 'List'  |  MyGUI_WidgetManager.cpp  |  118
17:57:04  |  General  |  Info  |  * Register widget factory 'HScroll'  |  MyGUI_WidgetManager.cpp  |  118
17:57:04  |  General  |  Info  |  * Register widget factory 'VScroll'  |  MyGUI_WidgetManager.cpp  |  118
17:57:04  |  General  |  Info  |  * Register widget factory 'Edit'  |  MyGUI_WidgetManager.cpp  |  118
17:57:04  |  General  |  Info  |  * Register widget factory 'ComboBox'  |  MyGUI_WidgetManager.cpp  |  118
17:57:04  |  General  |  Info  |  * Register widget factory 'StaticText'  |  MyGUI_WidgetManager.cpp  |  118
17:57:04  |  General  |  Info  |  * Register widget factory 'Tab'  |  MyGUI_WidgetManager.cpp  |  118
17:57:04  |  General  |  Info  |  * Register widget factory 'TabItem'  |  MyGUI_WidgetManager.cpp  |  118
17:57:04  |  General  |  Info  |  * Register widget factory 'TabItem'  |  MyGUI_WidgetManager.cpp  |  118
17:57:04  |  General  |  Info  |  * Register widget factory 'Sheet'  |  MyGUI_WidgetManager.cpp  |  118
17:57:04  |  General  |  Info  |  * Register widget factory 'Progress'  |  MyGUI_WidgetManager.cpp  |  118
17:57:04  |  General  |  Info  |  * Register widget factory 'ItemBox'  |  MyGUI_WidgetManager.cpp  |  118
17:57:04  |  General  |  Info  |  * Register widget factory 'MultiList'  |  MyGUI_WidgetManager.cpp  |  118
17:57:04  |  General  |  Info  |  * Register widget factory 'StaticImage'  |  MyGUI_WidgetManager.cpp  |  118
17:57:04  |  General  |  Info  |  * Register widget factory 'Message'  |  MyGUI_WidgetManager.cpp  |  118
17:57:04  |  General  |  Info  |  * Register widget factory 'RenderBox'  |  MyGUI_WidgetManager.cpp  |  118
17:57:04  |  General  |  Info  |  * Register widget factory 'MenuCtrl'  |  MyGUI_WidgetManager.cpp  |  118
17:57:04  |  General  |  Info  |  * Register widget factory 'MenuItem'  |  MyGUI_WidgetManager.cpp  |  118
17:57:04  |  General  |  Info  |  * Register widget factory 'PopupMenu'  |  MyGUI_WidgetManager.cpp  |  118
17:57:04  |  General  |  Info  |  * Register widget factory 'MenuBar'  |  MyGUI_WidgetManager.cpp  |  118
17:57:04  |  General  |  Info  |  * Register widget factory 'ScrollView'  |  MyGUI_WidgetManager.cpp  |  118
17:57:04  |  General  |  Info  |  * Register widget factory 'DDContainer'  |  MyGUI_WidgetManager.cpp  |  118
17:57:04  |  General  |  Info  |  * Register widget factory 'Canvas'  |  MyGUI_WidgetManager.cpp  |  118
17:57:04  |  General  |  Info  |  WidgetManager successfully initialized  |  MyGUI_WidgetManager.cpp  |  93
17:57:04  |  General  |  Info  |  * Initialise: InputManager  |  MyGUI_InputManager.cpp  |  51
17:57:04  |  General  |  Info  |  InputManager successfully initialized  |  MyGUI_InputManager.cpp  |  74
17:57:04  |  General  |  Info  |  * Initialise: SubWidgetManager  |  MyGUI_SubWidgetManager.cpp  |  33
17:57:04  |  General  |  Info  |  SubWidgetManager successfully initialized  |  MyGUI_SubWidgetManager.cpp  |  49
17:57:04  |  General  |  Info  |  * Initialise: SkinManager  |  MyGUI_SkinManager.cpp  |  40
17:57:04  |  General  |  Info  |  SkinManager successfully initialized  |  MyGUI_SkinManager.cpp  |  46
17:57:04  |  General  |  Info  |  * Initialise: FontManager  |  MyGUI_FontManager.cpp  |  43
17:57:04  |  General  |  Info  |  FontManager successfully initialized  |  MyGUI_FontManager.cpp  |  47
17:57:04  |  General  |  Info  |  * Initialise: ControllerManager  |  MyGUI_ControllerManager.cpp  |  36
17:57:04  |  General  |  Info  |  ControllerManager successfully initialized  |  MyGUI_ControllerManager.cpp  |  40
17:57:04  |  General  |  Info  |  * Initialise: PointerManager  |  MyGUI_PointerManager.cpp  |  41
17:57:04  |  General  |  Info  |  PointerManager successfully initialized  |  MyGUI_PointerManager.cpp  |  50
17:57:04  |  General  |  Info  |  * Initialise: ClipboardManager  |  MyGUI_ClipboardManager.cpp  |  35
17:57:04  |  General  |  Info  |  ClipboardManager successfully initialized  |  MyGUI_ClipboardManager.cpp  |  44
17:57:04  |  General  |  Info  |  * Initialise: LayoutManager  |  MyGUI_LayoutManager.cpp  |  41
17:57:04  |  General  |  Info  |  LayoutManager successfully initialized  |  MyGUI_LayoutManager.cpp  |  47
17:57:04  |  General  |  Info  |  * Initialise: DynLibManager  |  MyGUI_DynLibManager.cpp  |  34
17:57:04  |  General  |  Info  |  DynLibManager successfully initialized  |  MyGUI_DynLibManager.cpp  |  36
17:57:04  |  General  |  Info  |  * Initialise: PluginManager  |  MyGUI_PluginManager.cpp  |  36
17:57:04  |  General  |  Info  |  PluginManager successfully initialized  |  MyGUI_PluginManager.cpp  |  40
17:57:04  |  General  |  Info  |  * Initialise: DelegateManager  |  MyGUI_DelegateManager.cpp  |  33
17:57:04  |  General  |  Info  |  DelegateManager successfully initialized  |  MyGUI_DelegateManager.cpp  |  37
17:57:04  |  General  |  Info  |  * Initialise: LanguageManager  |  MyGUI_LanguageManager.cpp  |  37
17:57:04  |  General  |  Info  |  LanguageManager successfully initialized  |  MyGUI_LanguageManager.cpp  |  44
17:57:04  |  General  |  Info  |  Load ini file 'core_location.xml' from resource group : General  |  MyGUI_ResourceManager.cpp  |  147
17:57:04  |  General  |  Info  |  Load ini file 'core_keyboard.xml' from resource group : General  |  MyGUI_ResourceManager.cpp  |  147
17:57:04  |  General  |  Info  |  Load ini file 'core_language.xml' from resource group : General  |  MyGUI_ResourceManager.cpp  |  147
17:57:04  |  General  |  Info  |  Load ini file 'core_layer.xml' from resource group : General  |  MyGUI_ResourceManager.cpp  |  147
17:57:04  |  General  |  Info  |  Load ini file 'core_font.xml' from resource group : General  |  MyGUI_ResourceManager.cpp  |  147
17:57:04  |  General  |  Info  |  Load ini file 'core_theme.xml' from resource group : General  |  MyGUI_ResourceManager.cpp  |  147
17:57:04  |  General  |  Info  |  Load ini file 'core_resource.xml' from resource group : General  |  MyGUI_ResourceManager.cpp  |  147
17:57:04  |  General  |  Info  |  Load ini file 'core_skin.xml' from resource group : General  |  MyGUI_ResourceManager.cpp  |  147
17:57:04  |  General  |  Info  |  Load ini file 'core_pointer.xml' from resource group : General  |  MyGUI_ResourceManager.cpp  |  147
17:57:04  |  General  |  Info  |  Gui successfully initialized  |  MyGUI_Gui.cpp  |  115
17:57:04  |  General  |  Info  |  Font 'Default' using texture size 1024 x 128  |  MyGUI_Font.cpp  |  205
17:57:04  |  General  |  Info  |  Font 'Default' using real height 17 pixels  |  MyGUI_Font.cpp  |  206
