17:57:02: Creating resource group General
17:57:02: Creating resource group Internal
17:57:02: Creating resource group Autodetect
17:57:02: SceneManagerFactory for type 'DefaultSceneManager' registered.
17:57:02: Registering ResourceManager for type Material
17:57:02: Registering ResourceManager for type Mesh
17:57:02: Registering ResourceManager for type Skeleton
17:57:02: MovableObjectFactory for type 'ParticleSystem' registered.
17:57:02: OverlayElementFactory for type Panel registered.
17:57:02: OverlayElementFactory for type BorderPanel registered.
17:57:02: OverlayElementFactory for type TextArea registered.
17:57:02: Registering ResourceManager for type Font
17:57:02: ArchiveFactory for archive type FileSystem registered.
17:57:02: ArchiveFactory for archive type Zip registered.
17:57:02: FreeImage version: 3.11.0
17:57:02: This program uses FreeImage, a free, open source image library supporting all common bitmap formats. See http://freeimage.sourceforge.net for details
17:57:02: Supported formats: bmp,ico,jpg,jif,jpeg,jpe,jng,koa,iff,lbm,mng,pbm,pbm,pcd,pcx,pgm,pgm,png,ppm,ppm,ras,tga,targa,tif,tiff,wap,wbmp,wbm,psd,cut,xbm,xpm,gif,hdr,g3,sgi,exr,j2k,j2c,jp2
17:57:02: DDS codec registering
17:57:02: Registering ResourceManager for type HighLevelGpuProgram
17:57:02: Registering ResourceManager for type Compositor
17:57:02: MovableObjectFactory for type 'Entity' registered.
17:57:02: MovableObjectFactory for type 'Light' registered.
17:57:02: MovableObjectFactory for type 'BillboardSet' registered.
17:57:02: MovableObjectFactory for type 'ManualObject' registered.
17:57:02: MovableObjectFactory for type 'BillboardChain' registered.
17:57:02: MovableObjectFactory for type 'RibbonTrail' registered.
17:57:02: Loading library /usr/local/lib/OGRE/RenderSystem_GL.so
17:57:02: Installing plugin: GL RenderSystem
17:57:02: OpenGL Rendering Subsystem created.
17:57:02: Plugin successfully installed
17:57:02: Loading library /usr/local/lib/OGRE/Plugin_ParticleFX.so
17:57:02: Installing plugin: ParticleFX
17:57:02: Particle Emitter Type 'Point' registered
17:57:02: Particle Emitter Type 'Box' registered
17:57:02: Particle Emitter Type 'Ellipsoid' registered
17:57:02: Particle Emitter Type 'Cylinder' registered
17:57:02: Particle Emitter Type 'Ring' registered
17:57:02: Particle Emitter Type 'HollowEllipsoid' registered
17:57:02: Particle Affector Type 'LinearForce' registered
17:57:02: Particle Affector Type 'ColourFader' registered
17:57:02: Particle Affector Type 'ColourFader2' registered
17:57:02: Particle Affector Type 'ColourImage' registered
17:57:02: Particle Affector Type 'ColourInterpolator' registered
17:57:02: Particle Affector Type 'Scaler' registered
17:57:02: Particle Affector Type 'Rotator' registered
17:57:02: Particle Affector Type 'DirectionRandomiser' registered
17:57:02: Particle Affector Type 'DeflectorPlane' registered
17:57:02: Plugin successfully installed
17:57:02: Loading library /usr/local/lib/OGRE/Plugin_OctreeSceneManager.so
17:57:02: Installing plugin: Octree & Terrain Scene Manager
17:57:02: Plugin successfully installed
17:57:02: *-*-* OGRE Initialising
17:57:02: *-*-* Version 1.6.0 (Shoggoth)
17:57:02: Creating resource group Bootstrap
17:57:02: Added resource location '../../data/OgreCore.zip' of type 'Zip' to resource group 'Bootstrap'
17:57:02: Added resource location '../../data' of type 'FileSystem' to resource group 'General'
17:57:02: Added resource location '../../data/Meshes' of type 'FileSystem' to resource group 'General'
17:57:02: Added resource location '../../data/Textures' of type 'FileSystem' to resource group 'General'
17:57:02: Added resource location '../../data/GUI' of type 'FileSystem' to resource group 'General'
17:57:02: Added resource location '../../data/GUI/Themes' of type 'FileSystem' to resource group 'General'
17:57:04: CPU Identifier & Features
17:57:04: -------------------------
17:57:04:  *   CPU ID: GenuineIntel: Genuine Intel(R) CPU           T2060  @ 1.60GHz
17:57:04:  *      SSE: yes
17:57:04:  *     SSE2: yes
17:57:04:  *     SSE3: yes
17:57:04:  *      MMX: yes
17:57:04:  *   MMXEXT: yes
17:57:04:  *    3DNOW: no
17:57:04:  * 3DNOWEXT: no
17:57:04:  *     CMOV: yes
17:57:04:  *      TSC: yes
17:57:04:  *      FPU: yes
17:57:04:  *      PRO: yes
17:57:04:  *       HT: no
17:57:04: -------------------------
17:57:04: ******************************
*** Starting GLX Subsystem ***
******************************
17:57:04: GLRenderSystem::_createRenderWindow "OGRE Render Window", 800x600 windowed  miscParams: FSAA=0 displayFrequency=60 MHz gamma= vsync=No 
17:57:04: OGRE EXCEPTION(6:FileNotFoundException): Cannot locate resource GLX_icon.png in resource group General or any other group. in ResourceGroupManager::openResource at OgreResourceGroupManager.cpp (line 753)
17:57:04: GLXWindow::create used FBConfigID = 94
17:57:04: GL_VERSION = 1.4 Mesa 7.2
17:57:04: GL_VENDOR = Tungsten Graphics, Inc
17:57:04: GL_RENDERER = Mesa DRI Intel(R) 945GM 20061102 x86/MMX/SSE2
17:57:04: GL_EXTENSIONS = GL_ARB_depth_texture GL_ARB_fragment_program GL_ARB_multisample GL_ARB_multitexture GL_ARB_point_parameters GL_ARB_shadow GL_ARB_texture_border_clamp GL_ARB_texture_compression GL_ARB_texture_cube_map GL_ARB_texture_env_add GL_ARB_texture_env_combine GL_ARB_texture_env_crossbar GL_ARB_texture_env_dot3 GL_ARB_texture_mirrored_repeat GL_ARB_texture_non_power_of_two GL_ARB_texture_rectangle GL_ARB_transpose_matrix GL_ARB_vertex_buffer_object GL_ARB_vertex_program GL_ARB_window_pos GL_EXT_abgr GL_EXT_bgra GL_EXT_blend_color GL_EXT_blend_equation_separate GL_EXT_blend_func_separate GL_EXT_blend_logic_op GL_EXT_blend_minmax GL_EXT_blend_subtract GL_EXT_clip_volume_hint GL_EXT_cull_vertex GL_EXT_compiled_vertex_array GL_EXT_copy_texture GL_EXT_draw_range_elements GL_EXT_fog_coord GL_EXT_multi_draw_arrays GL_EXT_packed_depth_stencil GL_EXT_packed_pixels GL_EXT_point_parameters GL_EXT_polygon_offset GL_EXT_rescale_normal GL_EXT_secondary_color GL_EXT_separate_specular_color GL_EXT_shadow_funcs GL_EXT_stencil_wrap GL_EXT_subtexture GL_EXT_texture GL_EXT_texture3D GL_EXT_texture_edge_clamp GL_EXT_texture_env_add GL_EXT_texture_env_combine GL_EXT_texture_env_dot3 GL_EXT_texture_filter_anisotropic GL_EXT_texture_lod_bias GL_EXT_texture_object GL_EXT_texture_rectangle GL_EXT_vertex_array GL_3DFX_texture_compression_FXT1 GL_APPLE_client_storage GL_APPLE_packed_pixels GL_ATI_blend_equation_separate GL_ATI_separate_stencil GL_IBM_rasterpos_clip GL_IBM_texture_mirrored_repeat GL_INGR_blend_func_separate GL_MESA_pack_invert GL_MESA_ycbcr_texture GL_MESA_window_pos GL_NV_blend_square GL_NV_light_max_exponent GL_NV_point_sprite GL_NV_texture_rectangle GL_NV_texgen_reflection GL_NV_vertex_program GL_NV_vertex_program1_1 GL_OES_read_format GL_SGIS_generate_mipmap GL_SGIS_texture_border_clamp GL_SGIS_texture_edge_clamp GL_SGIS_texture_lod GL_SGIX_depth_texture GL_SUN_multi_draw_arrays
17:57:04: Supported GLX extensions: GLX_ARB_get_proc_address GLX_ARB_multisample GLX_EXT_import_context GLX_EXT_visual_info GLX_EXT_visual_rating GLX_MESA_swap_control GLX_MESA_swap_frame_usage GLX_OML_swap_method GLX_SGI_swap_control GLX_SGI_video_sync GLX_SGIS_multisample GLX_SGIX_fbconfig GLX_SGIX_visual_select_group 
17:57:04: ***************************
17:57:04: *** GL Renderer Started ***
17:57:04: ***************************
17:57:04: Registering ResourceManager for type GpuProgram
17:57:04: GL: Using framebuffer copy for rendering to textures (worst)
17:57:04: GL: Warning: RenderTexture size is restricted to size of framebuffer. If you are on Linux, consider using GLX instead of SDL.
17:57:04: RenderSystem capabilities
17:57:04: -------------------------
17:57:04: RenderSystem Name: OpenGL Rendering Subsystem
17:57:04: GPU Vendor: unknown
17:57:04: Device Name: Mesa DRI Intel(R) 945GM 20061102 x86/MMX/SSE2
17:57:04: Driver Version: 1.4.0.0
17:57:04:  * Fixed function pipeline: yes
17:57:04:  * Hardware generation of mipmaps: yes
17:57:04:  * Texture blending: yes
17:57:04:  * Anisotropic texture filtering: yes
17:57:04:  * Dot product texture operation: yes
17:57:04:  * Cube mapping: yes
17:57:04:  * Hardware stencil buffer: yes
17:57:04:    - Stencil depth: 8
17:57:04:    - Two sided stencil support: no
17:57:04:    - Wrap stencil values: yes
17:57:04:  * Hardware vertex / index buffers: yes
17:57:04:  * Vertex programs: yes
17:57:04:  * Fragment programs: yes
17:57:04:  * Geometry programs: no
17:57:04:  * Supported Shader Profiles: arbfp1 arbvp1
17:57:04:  * Texture Compression: yes
17:57:04:    - DXT: no
17:57:04:    - VTC: no
17:57:04:  * Scissor Rectangle: yes
17:57:04:  * Hardware Occlusion Query: no
17:57:04:  * User clip planes: yes
17:57:04:  * VET_UBYTE4 vertex element type: yes
17:57:04:  * Infinite far plane projection: yes
17:57:04:  * Hardware render-to-texture: no
17:57:04:  * Floating point textures: no
17:57:04:  * Non-power-of-two textures: yes
17:57:04:  * Volume textures: yes
17:57:04:  * Multiple Render Targets: 1
17:57:04:    - With different bit depths: no
17:57:04:  * Point Sprites: no
17:57:04:  * Extended point parameters: yes
17:57:04:  * Max Point Size: 255
17:57:04:  * Vertex texture fetch: no
17:57:04:  * Render to Vertex Buffer : no
17:57:04:  * GL 1.5 without VBO workaround: no
17:57:04:  * Frame Buffer objects: no
17:57:04:  * Frame Buffer objects (ARB extension): no
17:57:04:  * Frame Buffer objects (ATI extension): no
17:57:04:  * PBuffer suppport: no
17:57:04:  * GL 1.5 without HW-occlusion workaround: no
17:57:04: Registering ResourceManager for type Texture
17:57:04: ResourceBackgroundQueue - threading disabled
17:57:04: Particle Renderer Type 'billboard' registered
17:57:04: SceneManagerFactory for type 'OctreeSceneManager' registered.
17:57:04: SceneManagerFactory for type 'TerrainSceneManager' registered.
17:57:04: Parsing scripts for resource group Autodetect
17:57:04: Finished parsing scripts for resource group Autodetect
17:57:04: Parsing scripts for resource group Bootstrap
17:57:04: Parsing script OgreCore.material
17:57:04: Parsing script OgreProfiler.material
17:57:04: Parsing script Ogre.fontdef
17:57:04: Parsing script OgreDebugPanel.overlay
17:57:04: Texture: New_Ogre_Border_Center.png: Loading 1 faces(PF_A8R8G8B8,256x128x1) with 5 hardware generated mipmaps from Image. Internal format is PF_A8R8G8B8,256x128x1.
17:57:04: Texture: New_Ogre_Border.png: Loading 1 faces(PF_A8R8G8B8,256x256x1) with 5 hardware generated mipmaps from Image. Internal format is PF_A8R8G8B8,256x256x1.
17:57:04: Texture: New_Ogre_Border_Break.png: Loading 1 faces(PF_A8R8G8B8,32x32x1) with 5 hardware generated mipmaps from Image. Internal format is PF_A8R8G8B8,32x32x1.
17:57:04: Font BlueHighwayusing texture size 512x512
17:57:04: Info: Freetype returned null for character 127 in font BlueHighway
17:57:04: Info: Freetype returned null for character 128 in font BlueHighway
17:57:04: Info: Freetype returned null for character 129 in font BlueHighway
17:57:04: Info: Freetype returned null for character 130 in font BlueHighway
17:57:04: Info: Freetype returned null for character 131 in font BlueHighway
17:57:04: Info: Freetype returned null for character 132 in font BlueHighway
17:57:04: Info: Freetype returned null for character 133 in font BlueHighway
17:57:04: Info: Freetype returned null for character 134 in font BlueHighway
17:57:04: Info: Freetype returned null for character 135 in font BlueHighway
17:57:04: Info: Freetype returned null for character 136 in font BlueHighway
17:57:04: Info: Freetype returned null for character 137 in font BlueHighway
17:57:04: Info: Freetype returned null for character 138 in font BlueHighway
17:57:04: Info: Freetype returned null for character 139 in font BlueHighway
17:57:04: Info: Freetype returned null for character 140 in font BlueHighway
17:57:04: Info: Freetype returned null for character 141 in font BlueHighway
17:57:04: Info: Freetype returned null for character 142 in font BlueHighway
17:57:04: Info: Freetype returned null for character 143 in font BlueHighway
17:57:04: Info: Freetype returned null for character 144 in font BlueHighway
17:57:04: Info: Freetype returned null for character 145 in font BlueHighway
17:57:04: Info: Freetype returned null for character 146 in font BlueHighway
17:57:04: Info: Freetype returned null for character 147 in font BlueHighway
17:57:04: Info: Freetype returned null for character 148 in font BlueHighway
17:57:04: Info: Freetype returned null for character 149 in font BlueHighway
17:57:04: Info: Freetype returned null for character 150 in font BlueHighway
17:57:04: Info: Freetype returned null for character 151 in font BlueHighway
17:57:04: Info: Freetype returned null for character 152 in font BlueHighway
17:57:04: Info: Freetype returned null for character 153 in font BlueHighway
17:57:04: Info: Freetype returned null for character 154 in font BlueHighway
17:57:04: Info: Freetype returned null for character 155 in font BlueHighway
17:57:04: Info: Freetype returned null for character 156 in font BlueHighway
17:57:04: Info: Freetype returned null for character 157 in font BlueHighway
17:57:04: Info: Freetype returned null for character 158 in font BlueHighway
17:57:04: Info: Freetype returned null for character 159 in font BlueHighway
17:57:04: Info: Freetype returned null for character 160 in font BlueHighway
17:57:04: Texture: BlueHighwayTexture: Loading 1 faces(PF_BYTE_LA,512x512x1) with  hardware generated mipmaps from Image. Internal format is PF_BYTE_LA,512x512x1.
17:57:04: Texture: ogretext.png: Loading 1 faces(PF_A8R8G8B8,256x128x1) with 5 hardware generated mipmaps from Image. Internal format is PF_A8R8G8B8,256x128x1.
17:57:04: Parsing script OgreLoadingPanel.overlay
17:57:04: Finished parsing scripts for resource group Bootstrap
17:57:04: Parsing scripts for resource group General
17:57:04: Parsing script Manual.material
17:57:04: Parsing script Objects.material
17:57:04: Parsing script Level1.material
17:57:04: Parsing script TestLevel.material
17:57:04: Parsing script Levels.ngf
17:57:04: Finished parsing scripts for resource group General
17:57:04: Parsing scripts for resource group Internal
17:57:04: Finished parsing scripts for resource group Internal
17:57:04: Added resource location '../../Media/MyGUI_Media/Themes' of type 'FileSystem' to resource group 'General'
17:57:04: Texture: core.png: Loading 1 faces(PF_A8R8G8B8,1024x256x1) with  hardware generated mipmaps from Image. Internal format is PF_A8R8G8B8,1024x256x1.
17:57:04: Texture: core_pointer.png: Loading 1 faces(PF_A8R8G8B8,256x128x1) with  hardware generated mipmaps from Image. Internal format is PF_A8R8G8B8,256x128x1.
17:57:04: Texture: Default_Texture: Loading 1 faces(PF_BYTE_LA,1024x128x1) with  hardware generated mipmaps from Image. Internal format is PF_BYTE_LA,1024x128x1.
17:57:04: Mesh: Loading TestLevel_b0.mesh.
17:57:04: Texture: Grass.jpg: Loading 1 faces(PF_R8G8B8,512x512x1) with 5 hardware generated mipmaps from Image. Internal format is PF_X8R8G8B8,512x512x1.
17:57:05: Texture: Soil.jpg: Loading 1 faces(PF_R8G8B8,512x512x1) with 5 hardware generated mipmaps from Image. Internal format is PF_X8R8G8B8,512x512x1.
17:57:05: Mesh: Loading TestLevel_b1.mesh.
17:57:05: Mesh: Loading Player.mesh.
17:57:05: Texture: Player.png: Loading 1 faces(PF_R8G8B8,256x256x1) with 5 hardware generated mipmaps from Image. Internal format is PF_X8R8G8B8,256x256x1.
17:57:05: Property: script
17:57:05: 
17:57:05: 
17:57:05: Health is: 440
17:57:05: *** Initializing OIS ***
17:57:05: Texture: spot_shadow_fade.png: Loading 1 faces(PF_R8G8B8,128x128x1) with 5 hardware generated mipmaps from Image. Internal format is PF_X8R8G8B8,128x128x1.
17:57:24: *-*-* OGRE Shutdown
17:57:24: Unregistering ResourceManager for type Compositor
17:57:24: Unregistering ResourceManager for type Font
17:57:24: Unregistering ResourceManager for type Skeleton
17:57:24: Unregistering ResourceManager for type Mesh
17:57:24: Unregistering ResourceManager for type HighLevelGpuProgram
17:57:24: Uninstalling plugin: Octree & Terrain Scene Manager
17:57:24: Plugin successfully uninstalled
17:57:24: Unloading library /usr/local/lib/OGRE/Plugin_OctreeSceneManager.so
17:57:24: Uninstalling plugin: ParticleFX
17:57:24: Plugin successfully uninstalled
17:57:24: Unloading library /usr/local/lib/OGRE/Plugin_ParticleFX.so
17:57:24: Uninstalling plugin: GL RenderSystem
17:57:24: Unregistering ResourceManager for type GpuProgram
17:57:24: ******************************
*** Stopping GLX Subsystem ***
******************************
17:57:24: Unregistering ResourceManager for type Texture
17:57:24: Plugin successfully uninstalled
17:57:24: Unloading library /usr/local/lib/OGRE/RenderSystem_GL.so
17:57:24: Unregistering ResourceManager for type Material
