15:04:20: Creating resource group General
15:04:20: Creating resource group Internal
15:04:20: Creating resource group Autodetect
15:04:20: SceneManagerFactory for type 'DefaultSceneManager' registered.
15:04:20: Registering ResourceManager for type Material
15:04:20: Registering ResourceManager for type Mesh
15:04:20: Registering ResourceManager for type Skeleton
15:04:20: MovableObjectFactory for type 'ParticleSystem' registered.
15:04:20: OverlayElementFactory for type Panel registered.
15:04:20: OverlayElementFactory for type BorderPanel registered.
15:04:20: OverlayElementFactory for type TextArea registered.
15:04:20: Registering ResourceManager for type Font
15:04:20: ArchiveFactory for archive type FileSystem registered.
15:04:20: ArchiveFactory for archive type Zip registered.
15:04:20: FreeImage version: 3.11.0
15:04:20: This program uses FreeImage, a free, open source image library supporting all common bitmap formats. See http://freeimage.sourceforge.net for details
15:04:20: Supported formats: bmp,ico,jpg,jif,jpeg,jpe,jng,koa,iff,lbm,mng,pbm,pbm,pcd,pcx,pgm,pgm,png,ppm,ppm,ras,tga,targa,tif,tiff,wap,wbmp,wbm,psd,cut,xbm,xpm,gif,hdr,g3,sgi,exr,j2k,j2c,jp2
15:04:20: DDS codec registering
15:04:20: Registering ResourceManager for type HighLevelGpuProgram
15:04:20: Registering ResourceManager for type Compositor
15:04:20: MovableObjectFactory for type 'Entity' registered.
15:04:20: MovableObjectFactory for type 'Light' registered.
15:04:20: MovableObjectFactory for type 'BillboardSet' registered.
15:04:20: MovableObjectFactory for type 'ManualObject' registered.
15:04:20: MovableObjectFactory for type 'BillboardChain' registered.
15:04:20: MovableObjectFactory for type 'RibbonTrail' registered.
15:04:20: Loading library /usr/local/lib/OGRE/RenderSystem_GL.so
15:04:20: Installing plugin: GL RenderSystem
15:04:20: OpenGL Rendering Subsystem created.
15:04:20: Plugin successfully installed
15:04:20: Loading library /usr/local/lib/OGRE/Plugin_ParticleFX.so
15:04:20: Installing plugin: ParticleFX
15:04:20: Particle Emitter Type 'Point' registered
15:04:20: Particle Emitter Type 'Box' registered
15:04:20: Particle Emitter Type 'Ellipsoid' registered
15:04:20: Particle Emitter Type 'Cylinder' registered
15:04:20: Particle Emitter Type 'Ring' registered
15:04:20: Particle Emitter Type 'HollowEllipsoid' registered
15:04:20: Particle Affector Type 'LinearForce' registered
15:04:20: Particle Affector Type 'ColourFader' registered
15:04:20: Particle Affector Type 'ColourFader2' registered
15:04:20: Particle Affector Type 'ColourImage' registered
15:04:20: Particle Affector Type 'ColourInterpolator' registered
15:04:20: Particle Affector Type 'Scaler' registered
15:04:20: Particle Affector Type 'Rotator' registered
15:04:20: Particle Affector Type 'DirectionRandomiser' registered
15:04:20: Particle Affector Type 'DeflectorPlane' registered
15:04:20: Plugin successfully installed
15:04:20: Loading library /usr/local/lib/OGRE/Plugin_OctreeSceneManager.so
15:04:20: Installing plugin: Octree & Terrain Scene Manager
15:04:20: Plugin successfully installed
15:04:20: *-*-* OGRE Initialising
15:04:20: *-*-* Version 1.6.0 (Shoggoth)
15:04:20: Creating resource group Bootstrap
15:04:20: Added resource location '../../data/OgreCore.zip' of type 'Zip' to resource group 'Bootstrap'
15:04:20: Added resource location '../../data' of type 'FileSystem' to resource group 'General'
15:04:20: Added resource location '../../data/Meshes' of type 'FileSystem' to resource group 'General'
15:04:20: Added resource location '../../data/Textures' of type 'FileSystem' to resource group 'General'
15:04:20: Added resource location '../../data/GUI' of type 'FileSystem' to resource group 'General'
15:04:20: Added resource location '../../data/GUI/Themes' of type 'FileSystem' to resource group 'General'
15:04:21: CPU Identifier & Features
15:04:21: -------------------------
15:04:21:  *   CPU ID: GenuineIntel: Genuine Intel(R) CPU           T2060  @ 1.60GHz
15:04:21:  *      SSE: yes
15:04:21:  *     SSE2: yes
15:04:21:  *     SSE3: yes
15:04:21:  *      MMX: yes
15:04:21:  *   MMXEXT: yes
15:04:21:  *    3DNOW: no
15:04:21:  * 3DNOWEXT: no
15:04:21:  *     CMOV: yes
15:04:21:  *      TSC: yes
15:04:21:  *      FPU: yes
15:04:21:  *      PRO: yes
15:04:21:  *       HT: no
15:04:21: -------------------------
15:04:21: ******************************
*** Starting GLX Subsystem ***
******************************
15:04:21: GLRenderSystem::_createRenderWindow "OGRE Render Window", 1024x768 windowed  miscParams: FSAA=0 displayFrequency=60 MHz gamma= vsync=No 
15:04:21: OGRE EXCEPTION(6:FileNotFoundException): Cannot locate resource GLX_icon.png in resource group General or any other group. in ResourceGroupManager::openResource at OgreResourceGroupManager.cpp (line 753)
15:04:21: GLXWindow::create used FBConfigID = 94
15:04:21: GL_VERSION = 1.4 Mesa 7.2
15:04:21: GL_VENDOR = Tungsten Graphics, Inc
15:04:21: GL_RENDERER = Mesa DRI Intel(R) 945GM 20061102 x86/MMX/SSE2
15:04:21: GL_EXTENSIONS = GL_ARB_depth_texture GL_ARB_fragment_program GL_ARB_multisample GL_ARB_multitexture GL_ARB_point_parameters GL_ARB_shadow GL_ARB_texture_border_clamp GL_ARB_texture_compression GL_ARB_texture_cube_map GL_ARB_texture_env_add GL_ARB_texture_env_combine GL_ARB_texture_env_crossbar GL_ARB_texture_env_dot3 GL_ARB_texture_mirrored_repeat GL_ARB_texture_non_power_of_two GL_ARB_texture_rectangle GL_ARB_transpose_matrix GL_ARB_vertex_buffer_object GL_ARB_vertex_program GL_ARB_window_pos GL_EXT_abgr GL_EXT_bgra GL_EXT_blend_color GL_EXT_blend_equation_separate GL_EXT_blend_func_separate GL_EXT_blend_logic_op GL_EXT_blend_minmax GL_EXT_blend_subtract GL_EXT_clip_volume_hint GL_EXT_cull_vertex GL_EXT_compiled_vertex_array GL_EXT_copy_texture GL_EXT_draw_range_elements GL_EXT_fog_coord GL_EXT_multi_draw_arrays GL_EXT_packed_depth_stencil GL_EXT_packed_pixels GL_EXT_point_parameters GL_EXT_polygon_offset GL_EXT_rescale_normal GL_EXT_secondary_color GL_EXT_separate_specular_color GL_EXT_shadow_funcs GL_EXT_stencil_wrap GL_EXT_subtexture GL_EXT_texture GL_EXT_texture3D GL_EXT_texture_edge_clamp GL_EXT_texture_env_add GL_EXT_texture_env_combine GL_EXT_texture_env_dot3 GL_EXT_texture_filter_anisotropic GL_EXT_texture_lod_bias GL_EXT_texture_object GL_EXT_texture_rectangle GL_EXT_vertex_array GL_3DFX_texture_compression_FXT1 GL_APPLE_client_storage GL_APPLE_packed_pixels GL_ATI_blend_equation_separate GL_ATI_separate_stencil GL_IBM_rasterpos_clip GL_IBM_texture_mirrored_repeat GL_INGR_blend_func_separate GL_MESA_pack_invert GL_MESA_ycbcr_texture GL_MESA_window_pos GL_NV_blend_square GL_NV_light_max_exponent GL_NV_point_sprite GL_NV_texture_rectangle GL_NV_texgen_reflection GL_NV_vertex_program GL_NV_vertex_program1_1 GL_OES_read_format GL_SGIS_generate_mipmap GL_SGIS_texture_border_clamp GL_SGIS_texture_edge_clamp GL_SGIS_texture_lod GL_SGIX_depth_texture GL_SUN_multi_draw_arrays
15:04:21: Supported GLX extensions: GLX_ARB_get_proc_address GLX_ARB_multisample GLX_EXT_import_context GLX_EXT_visual_info GLX_EXT_visual_rating GLX_MESA_swap_control GLX_MESA_swap_frame_usage GLX_OML_swap_method GLX_SGI_swap_control GLX_SGI_video_sync GLX_SGIS_multisample GLX_SGIX_fbconfig GLX_SGIX_visual_select_group 
15:04:21: ***************************
15:04:21: *** GL Renderer Started ***
15:04:21: ***************************
15:04:21: Registering ResourceManager for type GpuProgram
15:04:21: GL: Using framebuffer copy for rendering to textures (worst)
15:04:21: GL: Warning: RenderTexture size is restricted to size of framebuffer. If you are on Linux, consider using GLX instead of SDL.
15:04:21: RenderSystem capabilities
15:04:21: -------------------------
15:04:21: RenderSystem Name: OpenGL Rendering Subsystem
15:04:21: GPU Vendor: unknown
15:04:21: Device Name: Mesa DRI Intel(R) 945GM 20061102 x86/MMX/SSE2
15:04:21: Driver Version: 1.4.0.0
15:04:21:  * Fixed function pipeline: yes
15:04:21:  * Hardware generation of mipmaps: yes
15:04:21:  * Texture blending: yes
15:04:21:  * Anisotropic texture filtering: yes
15:04:21:  * Dot product texture operation: yes
15:04:21:  * Cube mapping: yes
15:04:21:  * Hardware stencil buffer: yes
15:04:21:    - Stencil depth: 8
15:04:21:    - Two sided stencil support: no
15:04:21:    - Wrap stencil values: yes
15:04:21:  * Hardware vertex / index buffers: yes
15:04:21:  * Vertex programs: yes
15:04:21:  * Fragment programs: yes
15:04:21:  * Geometry programs: no
15:04:21:  * Supported Shader Profiles: arbfp1 arbvp1
15:04:21:  * Texture Compression: yes
15:04:21:    - DXT: no
15:04:21:    - VTC: no
15:04:21:  * Scissor Rectangle: yes
15:04:21:  * Hardware Occlusion Query: no
15:04:21:  * User clip planes: yes
15:04:21:  * VET_UBYTE4 vertex element type: yes
15:04:21:  * Infinite far plane projection: yes
15:04:21:  * Hardware render-to-texture: no
15:04:21:  * Floating point textures: no
15:04:21:  * Non-power-of-two textures: yes
15:04:21:  * Volume textures: yes
15:04:21:  * Multiple Render Targets: 1
15:04:21:    - With different bit depths: no
15:04:21:  * Point Sprites: no
15:04:21:  * Extended point parameters: yes
15:04:21:  * Max Point Size: 255
15:04:21:  * Vertex texture fetch: no
15:04:21:  * Render to Vertex Buffer : no
15:04:21:  * GL 1.5 without VBO workaround: no
15:04:21:  * Frame Buffer objects: no
15:04:21:  * Frame Buffer objects (ARB extension): no
15:04:21:  * Frame Buffer objects (ATI extension): no
15:04:21:  * PBuffer suppport: no
15:04:21:  * GL 1.5 without HW-occlusion workaround: no
15:04:21: Registering ResourceManager for type Texture
15:04:21: ResourceBackgroundQueue - threading disabled
15:04:21: Particle Renderer Type 'billboard' registered
15:04:21: SceneManagerFactory for type 'OctreeSceneManager' registered.
15:04:21: SceneManagerFactory for type 'TerrainSceneManager' registered.
15:04:21: Parsing scripts for resource group Autodetect
15:04:21: Finished parsing scripts for resource group Autodetect
15:04:21: Parsing scripts for resource group Bootstrap
15:04:21: Parsing script OgreCore.material
15:04:21: Parsing script OgreProfiler.material
15:04:21: Parsing script Ogre.fontdef
15:04:21: Parsing script OgreDebugPanel.overlay
15:04:21: Texture: New_Ogre_Border_Center.png: Loading 1 faces(PF_A8R8G8B8,256x128x1) with 5 hardware generated mipmaps from Image. Internal format is PF_A8R8G8B8,256x128x1.
15:04:21: Texture: New_Ogre_Border.png: Loading 1 faces(PF_A8R8G8B8,256x256x1) with 5 hardware generated mipmaps from Image. Internal format is PF_A8R8G8B8,256x256x1.
15:04:21: Texture: New_Ogre_Border_Break.png: Loading 1 faces(PF_A8R8G8B8,32x32x1) with 5 hardware generated mipmaps from Image. Internal format is PF_A8R8G8B8,32x32x1.
15:04:21: Font BlueHighwayusing texture size 512x512
15:04:21: Info: Freetype returned null for character 127 in font BlueHighway
15:04:21: Info: Freetype returned null for character 128 in font BlueHighway
15:04:21: Info: Freetype returned null for character 129 in font BlueHighway
15:04:21: Info: Freetype returned null for character 130 in font BlueHighway
15:04:21: Info: Freetype returned null for character 131 in font BlueHighway
15:04:21: Info: Freetype returned null for character 132 in font BlueHighway
15:04:21: Info: Freetype returned null for character 133 in font BlueHighway
15:04:21: Info: Freetype returned null for character 134 in font BlueHighway
15:04:21: Info: Freetype returned null for character 135 in font BlueHighway
15:04:21: Info: Freetype returned null for character 136 in font BlueHighway
15:04:21: Info: Freetype returned null for character 137 in font BlueHighway
15:04:21: Info: Freetype returned null for character 138 in font BlueHighway
15:04:21: Info: Freetype returned null for character 139 in font BlueHighway
15:04:21: Info: Freetype returned null for character 140 in font BlueHighway
15:04:21: Info: Freetype returned null for character 141 in font BlueHighway
15:04:21: Info: Freetype returned null for character 142 in font BlueHighway
15:04:21: Info: Freetype returned null for character 143 in font BlueHighway
15:04:21: Info: Freetype returned null for character 144 in font BlueHighway
15:04:21: Info: Freetype returned null for character 145 in font BlueHighway
15:04:21: Info: Freetype returned null for character 146 in font BlueHighway
15:04:21: Info: Freetype returned null for character 147 in font BlueHighway
15:04:21: Info: Freetype returned null for character 148 in font BlueHighway
15:04:21: Info: Freetype returned null for character 149 in font BlueHighway
15:04:21: Info: Freetype returned null for character 150 in font BlueHighway
15:04:21: Info: Freetype returned null for character 151 in font BlueHighway
15:04:21: Info: Freetype returned null for character 152 in font BlueHighway
15:04:21: Info: Freetype returned null for character 153 in font BlueHighway
15:04:21: Info: Freetype returned null for character 154 in font BlueHighway
15:04:21: Info: Freetype returned null for character 155 in font BlueHighway
15:04:21: Info: Freetype returned null for character 156 in font BlueHighway
15:04:21: Info: Freetype returned null for character 157 in font BlueHighway
15:04:21: Info: Freetype returned null for character 158 in font BlueHighway
15:04:21: Info: Freetype returned null for character 159 in font BlueHighway
15:04:21: Info: Freetype returned null for character 160 in font BlueHighway
15:04:21: Texture: BlueHighwayTexture: Loading 1 faces(PF_BYTE_LA,512x512x1) with  hardware generated mipmaps from Image. Internal format is PF_BYTE_LA,512x512x1.
15:04:21: Texture: ogretext.png: Loading 1 faces(PF_A8R8G8B8,256x128x1) with 5 hardware generated mipmaps from Image. Internal format is PF_A8R8G8B8,256x128x1.
15:04:21: Parsing script OgreLoadingPanel.overlay
15:04:21: Finished parsing scripts for resource group Bootstrap
15:04:21: Parsing scripts for resource group General
15:04:21: Parsing script Manual.material
15:04:21: Parsing script Objects.material
15:04:21: Parsing script Level1.material
15:04:21: Parsing script TestLevel.material
15:04:21: Parsing script Levels.ngf
15:04:21: Finished parsing scripts for resource group General
15:04:21: Parsing scripts for resource group Internal
15:04:21: Finished parsing scripts for resource group Internal
15:04:21: Added resource location '../../Media/MyGUI_Media/Themes' of type 'FileSystem' to resource group 'General'
15:04:21: Texture: core.png: Loading 1 faces(PF_A8R8G8B8,1024x256x1) with  hardware generated mipmaps from Image. Internal format is PF_A8R8G8B8,1024x256x1.
15:04:22: Texture: core_pointer.png: Loading 1 faces(PF_A8R8G8B8,256x128x1) with  hardware generated mipmaps from Image. Internal format is PF_A8R8G8B8,256x128x1.
15:04:22: Texture: Default_Texture: Loading 1 faces(PF_BYTE_LA,1024x128x1) with  hardware generated mipmaps from Image. Internal format is PF_BYTE_LA,1024x128x1.
15:04:22: Mesh: Loading TestLevel_b0.mesh.
15:04:22: Texture: Grass.jpg: Loading 1 faces(PF_R8G8B8,512x512x1) with 5 hardware generated mipmaps from Image. Internal format is PF_X8R8G8B8,512x512x1.
15:04:22: Texture: Soil.jpg: Loading 1 faces(PF_R8G8B8,512x512x1) with 5 hardware generated mipmaps from Image. Internal format is PF_X8R8G8B8,512x512x1.
15:04:22: Mesh: Loading TestLevel_b1.mesh.
15:04:22: Mesh: Loading Player.mesh.
15:04:22: Texture: Player.png: Loading 1 faces(PF_R8G8B8,256x256x1) with 5 hardware generated mipmaps from Image. Internal format is PF_X8R8G8B8,256x256x1.
15:04:22: Property: script
15:04:22: 
15:04:22: 
15:04:22: Health is: 440
15:04:22: *** Initializing OIS ***
15:04:23: Texture: spot_shadow_fade.png: Loading 1 faces(PF_R8G8B8,128x128x1) with 5 hardware generated mipmaps from Image. Internal format is PF_X8R8G8B8,128x128x1.
15:04:26: *-*-* OGRE Shutdown
15:04:26: Unregistering ResourceManager for type Compositor
15:04:26: Unregistering ResourceManager for type Font
15:04:26: Unregistering ResourceManager for type Skeleton
15:04:26: Unregistering ResourceManager for type Mesh
15:04:26: Unregistering ResourceManager for type HighLevelGpuProgram
15:04:26: Uninstalling plugin: Octree & Terrain Scene Manager
15:04:26: Plugin successfully uninstalled
15:04:26: Unloading library /usr/local/lib/OGRE/Plugin_OctreeSceneManager.so
15:04:26: Uninstalling plugin: ParticleFX
15:04:26: Plugin successfully uninstalled
15:04:26: Unloading library /usr/local/lib/OGRE/Plugin_ParticleFX.so
15:04:26: Uninstalling plugin: GL RenderSystem
15:04:26: Unregistering ResourceManager for type GpuProgram
15:04:26: ******************************
*** Stopping GLX Subsystem ***
******************************
15:04:26: Unregistering ResourceManager for type Texture
15:04:26: Plugin successfully uninstalled
15:04:26: Unloading library /usr/local/lib/OGRE/RenderSystem_GL.so
15:04:26: Unregistering ResourceManager for type Material
